<?xml version="1.0" encoding="UTF-8"?>
<robot generator="Robot 4.1 (Python 3.9.5 on win32)" generated="20210907 23:26:18.596" rpa="false" schemaversion="2">
<suite id="s1" name="DeleteEquiposTests" source="c:\RobotXpert\BACKEND\tests\DeleteEquiposTests.robot">
<test id="s1-t1" name="Delete a equipo">
<kw name="Get Token" library="Helpers">
<var>${token}</var>
<arg>thiagofelipe@gmail.com</arg>
<arg>pwd123</arg>
<kw name="Create Dictionary" library="BuiltIn">
<var>&amp;{payload}</var>
<arg>email=${email}</arg>
<arg>password=${password}</arg>
<doc>Creates and returns a dictionary based on the given ``items``.</doc>
<msg timestamp="20210907 23:26:19.029" level="INFO">&amp;{payload} = { email=thiagofelipe@gmail.com | password=pwd123 }</msg>
<status status="PASS" starttime="20210907 23:26:19.028" endtime="20210907 23:26:19.029"/>
</kw>
<kw name="POST Login" library="Sessions">
<var>${response}</var>
<arg>${payload}</arg>
<kw name="POST" library="RequestsLibrary">
<var>${response}</var>
<arg>${BASE_URL}/sessions</arg>
<arg>json=${payload}</arg>
<arg>expected_status=any</arg>
<doc>Sends a POST request.</doc>
<msg timestamp="20210907 23:26:20.227" level="INFO">POST Request : url=https://rocklov-thiago-api.herokuapp.com/sessions 
 path_url=/sessions 
 headers={'User-Agent': 'python-requests/2.25.1', 'Accept-Encoding': 'gzip, deflate', 'Accept': '*/*', 'Connection': 'keep-alive', 'Content-Length': '57', 'Content-Type': 'application/json'} 
 body=b'{"email": "thiagofelipe@gmail.com", "password": "pwd123"}' 
 </msg>
<msg timestamp="20210907 23:26:20.227" level="INFO">POST Response : url=https://rocklov-thiago-api.herokuapp.com/sessions 
 status=200, reason=OK 
 headers={'Server': 'Cowboy', 'Connection': 'keep-alive', 'X-Powered-By': 'Express', 'Access-Control-Allow-Origin': '*', 'Content-Type': 'application/json; charset=utf-8', 'Content-Length': '41', 'Etag': 'W/"29-iugLqco6jt953isu+nVq0xA6W5s"', 'Date': 'Wed, 08 Sep 2021 02:26:20 GMT', 'Via': '1.1 vegur'} 
 body={"user_token":"610ddba8ea89bf0015ff29ab"} 
 </msg>
<msg timestamp="20210907 23:26:20.228" level="INFO">${response} = &lt;Response [200]&gt;</msg>
<status status="PASS" starttime="20210907 23:26:19.030" endtime="20210907 23:26:20.228"/>
</kw>
<msg timestamp="20210907 23:26:20.229" level="INFO">${response} = &lt;Response [200]&gt;</msg>
<status status="PASS" starttime="20210907 23:26:19.029" endtime="20210907 23:26:20.229"/>
</kw>
<kw name="Set Variable" library="BuiltIn">
<var>${user_token}</var>
<arg>${response.json()}[user_token]</arg>
<doc>Returns the given values which can then be assigned to a variables.</doc>
<msg timestamp="20210907 23:26:20.231" level="INFO">${user_token} = 610ddba8ea89bf0015ff29ab</msg>
<status status="PASS" starttime="20210907 23:26:20.229" endtime="20210907 23:26:20.232"/>
</kw>
<msg timestamp="20210907 23:26:20.232" level="INFO">${token} = 610ddba8ea89bf0015ff29ab</msg>
<status status="PASS" starttime="20210907 23:26:19.028" endtime="20210907 23:26:20.233"/>
</kw>
<kw name="Get Json" library="Helpers">
<var>${equipo}</var>
<arg>equipos</arg>
<arg>violino.json</arg>
<kw name="Get File" library="OperatingSystem">
<var>${fixture}</var>
<arg>c:\\RobotXpert\\BACKEND\\resources/fixtures/${route}/${file_name}</arg>
<doc>Returns the contents of a specified file.</doc>
<msg timestamp="20210907 23:26:20.236" level="INFO" html="true">Getting file '&lt;a href="file://c:\RobotXpert\BACKEND\resources\fixtures\equipos\violino.json"&gt;c:\RobotXpert\BACKEND\resources\fixtures\equipos\violino.json&lt;/a&gt;'.</msg>
<msg timestamp="20210907 23:26:20.236" level="INFO">${fixture} = {
    "payload":{
        "name": "Violino",
        "category":"Cordas",
        "price": 250
    },
    "thumb": "violino.png"
}</msg>
<status status="PASS" starttime="20210907 23:26:20.234" endtime="20210907 23:26:20.236"/>
</kw>
<kw name="Evaluate" library="BuiltIn">
<var>${json}</var>
<arg>json.loads($fixture)</arg>
<doc>Evaluates the given expression in Python and returns the result.</doc>
<msg timestamp="20210907 23:26:20.244" level="INFO">${json} = {'payload': {'name': 'Violino', 'category': 'Cordas', 'price': 250}, 'thumb': 'violino.png'}</msg>
<status status="PASS" starttime="20210907 23:26:20.237" endtime="20210907 23:26:20.244"/>
</kw>
<msg timestamp="20210907 23:26:20.245" level="INFO">${equipo} = {'payload': {'name': 'Violino', 'category': 'Cordas', 'price': 250}, 'thumb': 'violino.png'}</msg>
<status status="PASS" starttime="20210907 23:26:20.233" endtime="20210907 23:26:20.245"/>
</kw>
<kw name="Remove Equipo" library="mongo">
<arg>${equipo}[payload][name]</arg>
<status status="PASS" starttime="20210907 23:26:20.245" endtime="20210907 23:26:20.594"/>
</kw>
<kw name="POST Equipo" library="Equipos">
<var>${result}</var>
<arg>${equipo}</arg>
<arg>${token}</arg>
<kw name="Create Dictionary" library="BuiltIn">
<var>&amp;{headers}</var>
<arg>user_token=${token}</arg>
<doc>Creates and returns a dictionary based on the given ``items``.</doc>
<msg timestamp="20210907 23:26:20.595" level="INFO">&amp;{headers} = { user_token=610ddba8ea89bf0015ff29ab }</msg>
<status status="PASS" starttime="20210907 23:26:20.595" endtime="20210907 23:26:20.595"/>
</kw>
<kw name="Get Binary File" library="OperatingSystem">
<var>${image}</var>
<arg>${EXECDIR}/BACKEND/resources/fixtures/equipos/images/${equipo}[thumb]</arg>
<doc>Returns the contents of a specified file.</doc>
<msg timestamp="20210907 23:26:20.596" level="INFO" html="true">Getting file '&lt;a href="file://c:\RobotXpert\BACKEND\resources\fixtures\equipos\images\violino.png"&gt;c:\RobotXpert\BACKEND\resources\fixtures\equipos\images\violino.png&lt;/a&gt;'.</msg>
<msg timestamp="20210907 23:26:20.619" level="INFO">${image} = \x89PNG

IHDR\xfa\xfa\x88\xecZ=sRGB\xae\xce\xe9	pHYs\xc4\xc4\x95+ IDATx\x9ct\xbdy\xb0-\xd7u\xde\xf7\xdbCw\x9f\xe9No\xf00\x83\x98p\x92\x82D\xc9\x92(\x8a&amp;)j\xa0...</msg>
<status status="PASS" starttime="20210907 23:26:20.595" endtime="20210907 23:26:20.619"/>
</kw>
<kw name="Create Dictionary" library="BuiltIn">
<var>&amp;{thumbnail}</var>
<arg>thumbnail=${image}</arg>
<doc>Creates and returns a dictionary based on the given ``items``.</doc>
<msg timestamp="20210907 23:26:20.641" level="INFO">&amp;{thumbnail} = { thumbnail=\x89PNG

IHDR\xfa\xfa\x88\xecZ=sRGB\xae\xce\xe9	pHYs\xc4\xc4\x95+ IDATx\x9ct\xbdy\xb0-\xd7u\xde\xf7\xdbCw\x9f\xe9No\xf00\x83\x98p\x92\x82D\xc9\x92...</msg>
<status status="PASS" starttime="20210907 23:26:20.619" endtime="20210907 23:26:20.641"/>
</kw>
<kw name="POST" library="RequestsLibrary">
<var>${response}</var>
<arg>${BASE_URL}/equipos</arg>
<arg>data=${equipo}[payload]</arg>
<arg>headers=${headers}</arg>
<arg>files=${thumbnail}</arg>
<arg>expected_status=any</arg>
<doc>Sends a POST request.</doc>
<msg timestamp="20210907 23:26:21.801" level="INFO">POST Request : url=https://rocklov-thiago-api.herokuapp.com/equipos 
 path_url=/equipos 
 headers={'User-Agent': 'python-requests/2.25.1', 'Accept-Encoding': 'gzip, deflate', 'Accept': '*/*', 'Connection': 'keep-alive', 'user_token': '610ddba8ea89bf0015ff29ab', 'Content-Length': '103036', 'Content-Type': 'multipart/form-data; boundary=d3bc265fb07e829c28c362011c513bdd'} 
 body=b'--d3bc265fb07e829c28c362011c513bdd\r\nContent-Disposition: form-data; name="name"\r\n\r\nViolino\r\n--d3bc265fb07e829c28c362011c513bdd\r\nContent-Disposition: form-data; name="category"\r\n\r\nCordas\r\n--d3bc265fb07e829c28c362011c513bdd\r\nContent-Disposition: form-data; name="price"\r\n\r\n250\r\n--d3bc265fb07e829c28c362011c513bdd\r\nContent-Disposition: form-data; name="thumbnail"; filename="thumbnail"\r\n\r\n\x89PNG\r\n\x1a\n\x00\x00\x00\rIHDR\x00\x00\x00\xfa\x00\x00\x00\xfa\x08\x06\x00\x00\x00\x88\xecZ=\x00\x00\x00\x01sRGB\x00\xae\xce\x1c\xe9\x00\x00\x00\tpHYs\x00\x00\x0e\xc4\x00\x00\x0e\xc4\x01\x95+\x0e\x1b\x00\x00 \x00IDATx\x9ct\xbdy\xb0-\xd7u\xde\xf7\xdbCw\x9f\xe9No\x00\xf00\x83\x98\x08p\x00\x02\x92\x82D\xc9\x92(\x8a&amp;)j\xa0EM\x94DI\xd1\x10[\xb6\xabR\xb1\x13+\xaa\xd8\xa5\x94]\xaeJ\x14\xc7U\xa9\x8a\\J%V\xa2T*\x91dK\xd4H\x9a\x12E\x12"E\x8a#\x00\x11\x04I\x8c\x04\xf00\xbd\xf1\xbe{\xef\x99\xba{\xef\x9d?\xf6\xd8\xe7&gt;\x9e\xc2\xc5\xbb\xf7\x9c&gt;\xdd\xbb\xf7^\xc3\xb7\xbe\xb5\xf6jqz\xfb\x1ag\xad\x05\x01RH\x00\x84\x10\x80\xa3|\xf9\xf7\xfcKJ\x85s\x0ep\x83\xf7\x85\x10\x08!\xc2g`\xadAJ\x85\x10\x02km\xfa&lt;\x9f\xcf_\'\x9fK\x1e\xbbf&lt;W|Yk\x91\xd2\x1f\x17?\x8b\xe7\xf4\xef\xbbp\xde\xe3\xe3.\xdf\xf7/W\x1c\'q\xce\x8fEJ\x99\xe6 \x8eY8\x10H\x9c\xb3\xc5\xf5\xc4`\x1c\x0e\x90\xe9z~\xec\xf1\xde\xb5VXk\xfd\'\x12\x04j0\'y\xce\x05R\n\x9c#\x1d\x0f\x0ec,\xceY\x9c\x8b\xf3\x1c\xeeG\x80\x13\x02E\x9e+\xff}\x87\x93\x02\x1cH\x01\x16\x87tq}@H\x81q\x0e\t8k\xd3:\t\x07N8\x84\x94\xbc\xe3=\xdf\xcd\x8f\xfe\xe4\xcf\xa2\xa5\xe5\x91G\xbf\xc4\'?\xf97\xd8\xde2?\xda\xe7}?\xf6\x13\xfc\xe6o\xfeoh%\x18\x8d\xa6\xdcx\xe3\rT\x95\xe2\x0b_\xf8&lt;\xd3\xe9\x0e\xf3\xf9\x01\xbf\xfc\xcb\xff\x80\x7f\xf7\xbf\xfc\x06J+V\x87k\x04\x02!dZC??\x10\x97\xb8\xef{\xac }&amp;\xf1\x1f\xfa94i\x9d\x8c1\xb8p\x8fR\x80@ \x85\xc4\x85)t8\xa4\x10\x08\x04J)\x94\xf2sm\x8c)\xe4\x0f\xac\r\xeb\x8b\x97}\xe7\x9c?\x07^\xc6\x8d\xe9\x11B \xa5\x1f\xf3\xa6\xbc\x01\xfe\xf8\xe2\xb3\xbc~C\xb9\x95\xd2\x8f;\xde\x9b\xff\xd8\xcb|\x94\x91xn\xe7\\1G\x16%%Zi\x8c\xb1t}G\xa5k\xaaJ\xe3\x9c\xc3\x18\x831\x06\xa5T\x92\xc5\xf8}\x80\xaa\xaa\xd0\xbaB\xfa\tt\x88cJ\xe0\x15qSy\xfd\xc9,B\x10\x14s\xf8\x99\xb5\xf9w)\xfd\x04_M\xc9\xbd\xc0\x92\x16/+\xb9K\xfa\x18\x15%\x8fgSq)\x94\x924\x81\xe5\xb5\xca\xfb\xc9\xe3ta\xfc\xe1=A!H\xc7\x8dQ\xb0C\x83\xa9\xb1\x82\xc1}\x0b!\x11\xe1X\xff\xe3\xd2\xfd)%\xc3\xb1\xe1\xdc\xce\xdf\xab\xd6\xaa\x18{V\xea\xb8X\xf1\xa7\xef{\x8c\xb5t\xd6b\x06\xf3c!,jg\x8d7\x0e\xce\xf9\x1f\xeb\x106*28\x83\xb70\xe4\xf9\x94a\xccRf!A\xfa[m\xbb5?\xf5\xd3?\xcd\xfc\xf0\x80\xf1x\xcc\x9f\xfd\xc9\x87pNbL\xcf\x1dw\xdd\xc5\xfe\xe5}\x0e\x0f\x0e\xd1UC\xdb\xb7\xbc\xf3\x9d\xef\xe0\xec\xd9\xb3\x98\xde\xa2\x94\xa2iF|\xfe\xf3_\xc08C\xdb\x9b07Y\x00\xb3\xe2\xe49\xd6Z\xa3\x85D!\xd0B\xfaO\xc2\x1a9\xbc\xb12.\xac\x93u(@\t\xe9\x95:\x18))\xbd\xb1\x95B&amp;\xa5\xea\xfb&gt;\xc9\xacs6\x8cA\x04c\x90e\xcd\xa65\x88N\xea\xb8\x12FyN\xebe\xf3=\x94\xfaR\xca\x90@\x04\xc5U\xc9\xa8EC\x1d\xe7!\x8b\xab\x1b\x9c\xc3\xaf\x91Lz%\x85\x97\x19cL\x187\xc9\xf1\x95\xdf\x8bF-\x8eU&amp;\xc9%\x0bn\x14\xb0t\xe9\xe0\xe5\xca\x97?\xc6Rj@\x1e\xb0H\x96*z\xffM\x0b\x97\x07AX\x80l\x117\x8dN\x9a8\x07\xa5RG\x83\xe1pI 6\xc7\x1f\x7f\x1f*\x7f\x9e`\xe7O\x80\x942\xfdD\x8f\xb91d\xc0!\xa5\xc0&amp;\xc4b\x93W\x88\xc6\xc3\xcf\x87K\xde&gt;\tj\x98\xafr\x1c^\x80\xb2\xd1\xc9\x82\x95-u\xfcq\xd6"\x1dh!\x83"[\x10~,\xf1^\x8dsX\x07V\x08\x9c\x14X\x82\xe2\x0b\xef\xc1\x07k\x10\x0c\\!ai\xbe\xacu\xbc\xf6\x9e;\xb9te\xce\xde\x89].\x9c?\xcf\xc5K\xfb8\xd7cl\xc7/\xfe\xe2/\xf1\xe9\xcf|\x06\xad\x15}\xdf\xa1\x95\xe0\xf5\xaf\x7f\x03\xe7\xcf_@\xeb\x1a%5\xef|\xe7;\xf8\xdcg?\x83\xc0b\xda&gt;)ui\xbc3\xd2\x8bk,\x93g\x8a\xf3\xa1\xb5F)\x95\xd6\xdf\xd9\xd2\x18\x8bb\x8d\xc2\xfc;\x91\x14?#\xa2\xab\xcb\x92\xb7\x99a\x0e\xfd\x87\x85L\xe4y-\xcf\xa5\x94\x1a8\x97\xcd\x977.\xde\xe1Yk\xc1F\x89\x16\x85\x83\x1c\xca\x86WJ90,\xa5\x83\xcdH\xcd#\xd6\xb6]\'9\xdetjB\x884_\xa5\x8c\xcb\xa8\x90\x9b\x03\x17i\xb2\xb2\xc2\\\xddSF\xcf\x8e\x87\x91a\xc2m\xb0\xbc\x88\xbc\xb0C\x05\x8c7\xb3\xe9\xb9\x8f/L\x84\xf6\x04#\xe2e&amp;\xd9bp\xf6\xd8\xf8\xb2!\xc8\xd7\x8b\xde2Nv\x9cP\xef\xe7\xbc\xe0x\x05u\xa80/*\xfc\x94\xca/\x01EVL!=\\\x96R \xa4\x1b\x8c\xbd\xb4\xd0\xd1\xa2[k\xd2\xf8&lt;,\xcc\x864*\xbf\xb1\x06cM\xf0F\xf9|\xd6\x1aD44Q@\xd3LX\x84\xf4P&lt;\x87\x13\xd9#\xb2\xa1\xec\xc2\x0e\x05\x1a\xc0X\x8bV\x8a\xbb\xee\xb9\x87\x9bo\xbe\x99[n\xbe\x85O\x7f\xfa3\xbc\xe6\xb6;q\xd6\xb25\x99\xa2u\xc5\xf9W/P\xd7c\x04\x82\xeb\xcf\xdc\xc0_\xfc\xc5GY.\x96t]\xcb\xd1|\x9f\xad\xad\x19\xa3\xaa\xc19\x81\x16:\xcd\x85\x87\xb5v`_\xfc&lt;\x0e\r~\x14\xd2\xbe\xef\xe9{\x835&amp;\xad\xbb\x13\x0c\x1cODQ\x04\xa8\xef\x95\xcc$\xc3\x1b\x8dBD\xa0R\x08\x1cyN\xa2\xe7O\xf3\x12\xc4\xad\x84\xeb\xd1\x00e\x99\x0c\xb2\x17d\xcd{v\x871=\xd9\xd8\xcbp\x1d\xef\xcd\x8e\xeb\x81Krc\x8cI\x8e#\x1e\x13\xe1\xbb\x88\xe3\x8d\x0e\x03\x97\xe5$y\xf6\xf2xo \t\xa8[J\x8d.\xe3\xd2RA\xa2r\x94\x0b2\x84\xaa\xf1\x98\x18\x13\xfa?\xe2yR\xbc\x8f@H1\x98\xb4\xa8`\xe5\xebj\xf1x&lt;6^\'\x8c"\x8d)\x8fU\xa5cJa\xf9f\xc6i3\xd6\xf2\x10ID9I\x82\xa1\xa4\x87\x83\xe1F\xe2\x88\x8a?\x82\x12Y\x91\xde\x92B\xe3\xe4q\xc35\x9cc\xff]\x8f\x06\xa2\x02\x07\x88nz@`\xac\xc1\x85\x05\xd61~\x1e\x9c\x8f\x14O\n\x11\xb8\x81x?R\xfa\xb5@\xf8\xd8&lt;x\x02\xe7\x1cBzo#]\xc9f\xb8\xf0\xbb\xbfo\x8b\xe1\xb5\xf7\xbe\x96+\xfb\x97Y-\x0e\xd8\xdf?d&lt;\xa9\xe9:\xc9m\xb7\xdc\xc4\x87?\xfc!\xf6\xaf\xec3\x1e\x8f\xa8\xaa\x8a\xfb\xee{#\x7f\xf2\'\x7f\x8c1\x96\xba\xaa\xd0\xaa\xe2s\x9f\xfd\x1c}\xdf\xa3\x94\xa6\xef: ;\x94\xa4\x94p,\xfe\x8d\x90\xb3\x84\xf9i\xbdd\x98\x03G\x82\xd9q^c\x1cN\x98\xa7M\x07\x92\x11\xa8@H\x0f\xf7\x07r"3\xca\x12\xc1\x88GE\x8ec\x8aJ\x97\xc7h\xb3\x93\x93q\x16\x87z\x82\xf0\xebQ\x86\x86\xf1_/k\x11v\x0f\xe52\xea\x88u.p\x08y\xf5U\x11\x12G\xe4\xe8\rYF\xd5\xde\x8b\xcb\x10\xaa\x18\x0f\xdd7ayV\xba\xe8\xd1\x05\x08\x8b\x90\xfe$\xd1\xebE+\x1d\xadK\x9c(\xe7L\xb2X\x19:g\x82+\xc2\xc3\x08o\xcaE\x1d\xbeJ\x85\xc9\x93\x90 {a\x193l\x1eB\xbbME\x97\x1bF\'Z@\x17&lt;ED\r\xc1\xa4\x1f\xb3\xbc~\xc1\xb3\x87/\t9\xbf8*yno\x04U\x82eC\x03\x13\x17\xc4bL\xcfz\xbdf\xbd^c\x8d\xf5\xa4\x14\x0e\x17\x17;\xfb\x9f\x81WRD4\x12P\x86\x14\xa8 \xc4\x92|\xdfR\x8a\x10\xcb\x02!n7X\xac\xb3\x18,\xc69:\xd3\'!Y\xad\x17\xbc\xf1\xfe\xfbY\xafW\xbc\xf4\xd2Y\xbe\xf1\x8dg1\xbd\x00g9y\xfa\x14O?\xfd\x0c\x02\xc7hTqx\xb8\x8fR\x92\xd5b\x89\x10\x8e\xban\xe8\xba\x9e\xad\xadm@0\x1e\x8f1\xbd+\xbcn\x96\xafMRu\x13\xd6\x97\x08P\x08\t\xc6\xe1\xcc0,\x13\xc5\xfc\x97\x90:\x86a\x9br\x9d&lt;d\xe1t\xf2\xe7\xc1\xf0\xc4\xf3\x17\x9f\xc5\xf5M(P\n\x94\xd2\x85|\xb9\r\xb9\x93\x85\x8c\x0f\xf9\x9f(\xff\xf9~\x8f\x87\x08\xa5\x01\xf4\xde&lt;\xc3rc\r\xd6\x99\xe4`\x9d\xf3\x12\xe0\xdc\x90\x87\xa2P|\xf9\xcd&lt;k9a\x9e\xf4\x91dM\xc8\x1e,Z\xa4\xa8x\xfe{q2\x19L\x04x\xebV\xfe].t\xfc=/d\x1e\x97_\xb8L\x1a\xf9EQi&lt;\xc3k\xa5\xb3\r\xee+Z\xe3\xb8h9\xb6\xb5\x01&amp;w\xc9\xab\xf6\x81?\x88\x0b\xb8i\x88\xca\xf1\x94\xefY\x1b\x89\x1f\x91\x98\xd68\x8e\xcc\x8cB\xe4\tzcX\xb5-\xeb\xbe\xc3\x08G\x87\xf3\x8aml\n\x83d\x08\x89"|\x13\xc1{\xfb\xcf$2\xa8\xbbu\x9e\xb0"Xz\x1fz\x84\xcf\xa5$\x91q\x02b\x84Q\x1ab\x83\xc3b\xf9\xb1\x1f\xff\x11\xd6\xeb\x05\xd7\x9c&gt;\xcd\x95\x83\xa3`dz\xfav\xcd\xfd\xf7\xdd\xcf7\x9e{\x0e\xa9$\x8b\xc5\x1a])\xb6\xb6\xb6\xe8{C]\xd5\xf4}\xc7h\xacy\xf5\xa5\x97\xe8\xfb\x8ev\xb5F+\x9d\xd6e\x10&amp;\x98\xa1\x97\x8b\xbfo2\xe4\xf1X\xebl\xf2\xe49\x8e\xf5dg\x89\xf4\xfc\xe7\xd1\xc9\x94+\xe4\xbd\xf0q\xde\xc6\re"\xcew\x08m\x8e\x87\x84\x91t.\xc2\x1e\x11\r\x8b \x12~\xa5S*QJ\x1e\xb7J\xe3\x8a\xe7VJ^\x95\x0f\x88\x1e\xdd\xf3\x0b\x0ek|&amp;\xc6\xffi\x00\xb3aP$.\x84\x84\xce9\xe4\xd5\xe0r\xb9 YyE\xb0\x18qh\xd9Z\xc6\x1b\xfaf\xf0\xdb\x1f\xe3=g\xf4A\x99\xf4\x1a\xc6-\x9b\x02\xe1c\xe0\xa1\xf2F!.=y~\xef\x9b{\x86\x18\xff\xc4x9\x92\x16Y\xa0"|\xcbLv\xef\xbc2\x1ak\xfdOB)\x19\xc5\x1c\'g\x8e#\x08\x7f\xde\x8c\x10Z\xd3\xfb\xf3\xf7=\x12\xd0RRIE\xad4Zk\xaa\xba\xa6\xa9j\xb4R\xc1KK\xa4RH%\xbd\xeb\x11\x99\x14\x8cP-\xa1\x1c\xe9\xd1I\xba\xb7\x8d\x90\xcb#\xd8"\x8c\x080\x14&lt;\xdc\xfb\xce\xb7\xbd\x9d\xc9t\xca\xe9k\xae\xe5\x93\x9f\xfckvv\xf7\x98\xcf\x8f\xd0\x95\xc2:\xd8\xbf|\x19\xa5$\x93\xc9\x94\xdbn\xbd\x95v\xd5\xd2\xb6\xab\xe0U\x05\xbf\xf0\x0b?\xcf\xf9\xf3\xe7\x11\x08V\xebu\n\xa9&lt;\xfa\x89H(\xa3\x9c\x92O\x89\xca\x8f\x10\x91/K\xca\x15\xe3\xde\xf2\xfb9%,\x0bb4\x87_^)\x0b\x96\xbc \x047=\xf4&amp;\xac.\x11G\x89\x0e\xbc\xb3\xb0\xc1\x98dB5\xa3\x8a\x8c\x1a\xe2\xb9K\xe4Z"\xbc&lt;6\x97\xc6\x9a\xd1iD\xab~.JD\x12\x8da\x1cO\xcc,Dg\x10\xfdq\xbc/=\x1c\x90\xdcH\x85\xc5|\xedP\xe1\xa3\xd5\xa2\xb8\xf8\xa6\x82\xc7\x9b\xde\xd4\xfbh\xcdr,q\xdc\xa2\xaf\xd7\x9eU,\x19X\xebr\x1aBJ\x95\xc6Z\xc6\xcbq\xc1\xfd\xcdE\xb4\x11C\x1030H\t\xb2\x87\xfb\xa8\xa4\xc2\x06\xc1\xb7\xce\x04\x8bh\xb3u\x95\x1a\x9c\x1fG\\\xb8\x12\x06\x0e\x85\xa2\xb8\x1f\x04"\xc6T\x05\xeb.\xacO\x8dU\xdaC.\x1f\x7f\nO\x9e\t?\x90J*\x9f\x0b\x17\x02Yx\x968\x0f\xc6\x18\x7fL\xa1(%\xca\x90R\x80\xf0\xd6?\xce\x84q&gt;\xfd\xe5\x9c\x0f\xf2\xa5T8\xeb\t?\x85\xe0\x96[o\xa1s+vwN\xf0\xb5\xaf&gt;\xce+\xaf\xbc\xc8\x99\xebo\xc2\xf4\r\xefy\xcf\xf7\xf3\xf1\x8f?D\xdb\xf6H)Y\xad\x16|\xe0\x03\xff\x84\xdf\xfd\x9d\xdf\xa5m\ru\xdd\xb0n;\xae\xbf\xe1&amp;\xd6\xeb\x0e\xa9*\xdc\xca\xa1\x12\t\x18\xbdg\xce\xf5\xc7\x97\xb5&gt;dI\n\x1f\x91\x94\xb3\xa8\r\xa2\xd4\xf3\'2\xf3"Rbz\x03B`\x9c\x1dx\xbf(o\x1e!\x941t\xce\x0cye\xb1(\x95\x95H\n\xbf\x0e\t\xc6\x0f\x1c\x91(\xee\xa1\xbc\x8f(we\xee=\xeb\x8e\xb5.p\t%\x92\x89\xef\xb9b\x8e\xa2\xe1\n2\x16\xd8\x13kK}\x1b:\xb44F\xebQ\x99\x80\x84&lt;\x94\x02]N\x88\x1b\x08\x93-.\x9a\xc5\xd6\xc7\xe4\x9bd\xd3\xb0\xf0\xa1\x14\xbc\xcd"\x98D\x88$\xa3\x91\x95\x7f\x13\xb2y\x98%\x8a\xf3\x82\xb3`L\x1f\xe0Z\xb4\xba\xd1k\xba\x828\x11\x08\xe1\x88\x88;\x9e\xcb\x1b\x8f\x08\xa3L\x12\xb8\xdeY\xcf\xb4\x17\xb1\x96P\n\xe3,BJ\x8c\xb5\x04W\x98\nM\x84\xcb\x8a].vd\xd1\xad5&gt;\x16\x0e\x16$z]kz\x9f\xee\x02\x8c\xf5\xf3\'\x9dD\xba\x8c\x10R\x8a\xc4Y\xa4\x93\x9e\xd0$\x9f\x07\x82!,&lt;O&amp;v\xb2b9\xeb\n\x0fb\xd3\xbd\x0b!\xa8*\xed\x85G\xd5\xfe=%\xa9F\x15w\xdd\xf9Z\x94\x12\xec_\xd9g:\xdbb~\xb4d\xb9Xr\xf2\xf4)\x9e\xf8\xe3?\x0e\x1eM1\x9b5\xdcr\xcb-\x9c=\xfbB0\xc0p\xf3-\xb7\xf2\x9b\xff\xeboxJ\xaf\xf3$PI\xaay#\x99\x19\xe2\xe8X6\xd1\\\x94\x0e\x9d\xc2\xb2,CB\xc8@\x89\np\xd0\xf7\x81y\x8e$orN6y\xfa\xbc.Y\xc1\xa3\xa2y\xcf(0\xa6\x08\xcf\xa4\xc0\x1a\x83T*y\xd9\x18\x13\x97\x0e\xc3\xcb}&amp;\xef\xbcC\x91E\xb1M,~r\xc1\xc0F\xbd\x8ac\xb2\x081D"\xd1\xfb\xc7u5\xd6xNF\xca\xc4\r\xc40\xb3\xaa\xaa\xc1&lt;Z\x1b\x0cy\x98G\x82^\xe9R\tK\xe8\x1d+\xc5\xe2\x04\xe7\xb8\xba\x84\xba1\x06\x1a\xc2\xe4\xf2&lt;.x\xc7\xd2{\xe7\xd8\xa9t\xf7\xd9\xd8(]\xc6\xf0\xce\xf3\nB\x14^\xd3/bIXD\x18\x15\xf5M\xca\x9c\xba*c\xeda\\\x98-o\xfc&lt;\xc2d!\\(\xbc\xf0\xb1oR\x10,\xceB\xef\x1cV\xfa1\xc80\x8deu]\xdb\xb6\x18\xe3\xb0\xb2G\x14\x9c\x85s\x9e\xfc\xc2\xd8\xe0ad`\xc2\xc1\xe5\xc9F"\xe8\xad7&gt;Vx\xb2\r\x97\xd3i&gt;\x02\xb0\x01-D\x88\xe7\xaf\xaf\xb5*\xd6.\x84#\xce[\xf9,\xac\xde+\x08%\x01\x8b\x0b\xc6\xf3\x07\x7f\xe8\xfbp\x02.]\xba\xcc\x8bg_b\xb6\xb5C\xbb\xea\xe8\xdb5G\xf39\x17.\\\xa0i*Lo\xd8\xd9\xd9\xe1\xa1\x87\x1e\xe2\xe0\xe00x2\xc7\xeb^w\x0f\x1f\xfa\xa3?D\xeb\x06g\xbc71\xbdA)I\xd7\xf5^uE\x96\x83\xa8\xf8\xa4\xfb\xf2F@EX\x1fRS%,\x962W\xc1E\x99\xcc\x08\xb2\xack\x18\xca\xb0\x97\x8b\x82\xe4r\x9b0\xbfd\xbbmR\xf2\xf2X\xef\x81u\x01\x9d\xa3\xf14\xc1\x90\xa8\xc1\xf5\xa2\x97W1cP\x8c\xcd\xda\xe1\x987y \x8f\xf0\x9c\xaf\xca\x141\xf6\xcfF\xc5X\xc3z\xbd\xf6\x7f\x0b\x9f\xb6\x8dhM\n\x89q}\x08{\x03t\xdf$\xad\xe2\x84G/\x90=}\x99\xbb\x8c\xa9!\xd8T\xda\xe3\xf1zf\r\xb3a\xc8\x06!\x13\x1a\xe00^\xb1\x91y\xa1dyz\xff\xdd\xe1\x82\x95);/\xf4\xa5\x82\x0f\x91\xc6\xf0\xfa\x11\x01\xc4p"\xc6PI0\x84@\xaa\xbc\x18.\x86N\x02\xda\xb6Mc\xd1!\xb66\xa1\x8a-\x16\xf1H\xe7\x17!^\xcb\xc3\xb6\xe0\r\x9cg\xd4E8\xc69\xe7+\xc3\\0H"(\xa8\xcaLp9\xc7\nQ\x94?\x96\xe5\xbfYh\xe3\xfc\xc8Ja\xfb\x90\x16"@#\x089yGUU\xac\xd7+^{\xef\xebx\xf5\xe5W\xd9\xdb\xdd\xe1o&gt;\xfbY\xa6[3\xaa\x89\xc4\xd9m\xbe\xf1\x8d\xe7\xb9t\xe9\x90\xed\xed)\xcb\xfe\x90\xd3\xa7O\xf1\xb1\x8f}\x8c\xf9|\xcel6e\xbdZ\xf1\xc2\xd9\xb34\xe3\x11\xebe\x87\x14\x9a&gt;\xf1\x13\xae \'K\xc3\x9d\xc9\xab\x08\xdd\xc9\xea\x93\x8c\xf5\xb1z\x8f\x88\x12\n\x99-\xc3\xa9x\x8d(\x07QN\x87\xa5\xa6C\xe7\x16Sk\xde\xb7\x1cO\xcd&amp;\x14Z \xaf\xe8\x95}\x15h\xe0\\\x82A\xf2\xef\x17\x8e\x93\\\r\x98\xe3\xfb\x8c\x8479\x0b\x13\xab\xf3\xa4\x97\x13\x95\xf4\xcaW\x11\x9a\xb6Oe\xb5\xa6\x8f\x06\xc7"e\x08\x11\x13\x8f\xe6\x92\xa3\x18*\x1c\xc3\t(\xe3\xcf![\x19\xdf\xb3\xc7\xbe{\xb5\xdfK\xe3p\xec\x15 \x86W\xe8\\\xaa)\xa5\x18x\xc4rl%|\xca$M\x86U\xb9\xbcP\x0c\xde\xcf\xe3\xb1\xc5Oy\xeeL\x90Xg\x03\x13o\x12#olO,\xc8\x88\xc6\xc8\x18\xc3\xbam\xbd\x80l\xa4\xdc\xbc\xf5\xb7\x85\xc5.\x04+\x95\x11\xfbP@H\x89q\xbex\xc2\x19\x9bx\x82A\x95\x9c_0\xaf\x0cRb\x8c\xcd\xefS\xc6\xa0\x85\xc0\x9b\x0c\x9f\x8d\xb58\xc1\xe0G\x08\xc7\xbb\xdf\xf3}(\xad\xb9\xfd\xf6\xd7\xf0\xcc3\xcfp\xe9\xd2y\xb4\xd4\xd4u\xcd\x8f\xff\xf8O\xf0\xd4S\xcf\xa0\xb5d&lt;\x99 \x84\xe6\xd6[n\xa6[\xf7\xb8(\xe0Zq\xe3\x8d\xd7\xe3\x9cG)m\xd7\'\x99\x89\xf08\xf3#\x99\x0cKUdIFbuW.\xfd\xcc\x8a\x99\xe7/\xcb\xe6\xb0l4\x93\xaf\xc30\xb1\x0cm"\x7fS:\xb2\xc8\t\x95\xdcK\xf2\xb6\xa1`G8\xfc\\:W\xc8\x97\xc4\x98\x1cN\xc5yW\t\x11\x84\x905d\xad2\x82\x94Inc)z\xbcf\xa9\x8f\x0e\x06\xe3\x89\xa9\xdeX\x9f\x1fc\xf7\x18B{\x87\x12d\xcc\x04\xb21\n\x88+\x06\x9e\xa1u\x19Kg\xa2\xa1\x8c\xa7\xa2\xde\xf8\xa4P\xae\xd2\x89\x13\x9a\'6C\xef\xcd\xcf\x80\x90\xca\x00!T\x80\xce\xc38&gt;^e\x18Jx#\xe0cZ\x99\xd2\x11\xd1\xd2\xc6\x7f\xa3\x17\xcf\xe3(s\xe2y\xb2\xa3 \xe4\x8c@Y\x83\x9fSjR*\xb4\x14\x89%\xaf\xa4FK\xe5\xc9\x9c\xe8\xdd\x85\xf2\xd0+\tz\xac\x98\xca\xf7\x82\x14(@X\x8bt&gt;Tp\xd6\x05\xaf\xe2KW\x1d\x8e\xe3i(\xeb\x17\xdf\x11\xca=\tDR\x16\xd0\x88\x1cd\x88\xeb&lt;@\x07\'C\xba\xcdk\xb7?\x8fTX$\xd7\xddp\x9a\xed\x9d\x19\xb3\xe9\x8c\xa7\x9e|\x82\xd3\xa7\xaf\xc3ZC\xbb\\\xf0\xe67\x7f\x0b\xcf&lt;\xfdu\xac1\x08zT%x\xf0\xc1o\xe5\xc5\x17_D\xa9\nc,\xcb\xd5\x82\xad\xc9\x0e\xcb\xe5&lt;A\xf7\xd2\x80\x96\xeb\x17\x91W\x1ck\x99\xeeD\x88$\xf8Y\xc6\x86$g\xb0u\x03\x05-e+mX\x11Y\x1e3\xb3\x1e\x15=\x18\x9cP\xf7a\x8c\t\xa1\x02\xe9\xbb\xf1b2\xe6\xc5\x9d\x0b\xc83{\xf4\xd2\xd9EF&gt;\xd6G\x94\x8eh\x90\x1e\x85t\xdf\xf9\x9e2\xd1zU\xc4KF\x86Qn=\xdb\xde\xa3\xb4L\xbc\x95s\xc73Az\xd3\xe3\x1a\x13\xabmr\xec\x93\xbd\xab&lt;fQ\xe3d\x0b\x94W\xd6\xf4yf\xbe\xb3\xf7\xcf)\x8e\x1cC\x052\x06\xcf\xfcJ\xa1\x8asG\xc8\x96\xc7RV\xd5\x95H*/`\x1c[.\xfa/\rF\x9a\xf4\x81\xf7;n\xc0\xe2"\x86%-PAQ\xe4!|,\x1d\x8f\xb7\xc5\x02\t\xe5\x0b&lt;&lt;YT\xd6s\xfb\xef\xc4\x1c\xf9\xe6u\x07\x8bj\x1dF\x94\x05M&gt;\xcf\xea\xac\xcf\xad\xc7\xd0*\xc2\xc6&lt;n\x88\xc2\x1c\xdf\x8fq[\xac\xb42\xce\x82\t\xd7\r\xac\xff\xb7\xbe\xf5;\xe8\xdb\x9e\xaf|\xe51\xae\x1c\x1c2\x99N\x90\xc0u7\xdc\xc8\xc7\xfe\xf2\xe3,\xe6\x87\x08\x1c\x87W\x8e\x98\xcd\xb69&lt;:\xa47]\x18S\xc7\x9b\xdf\xfcf&gt;\xfe\xb1\x8fP\xe9\x86\xbe\xef\xd3}\xc4\xcdM\xc6X_\x9aID;E:-\xac\x8d\xf3y\x07r(B\x82\xaaB\x08\xba\xae%\x86\x95q\x8d&lt;\x89\x96\x89\xdf\xbc\xa1\xa3,\xb9\x95\xe1\x9c~\x1es\xd5\xa7@\xc9\n\xa5\xd4\x80\xf5w)F\x83\x98\x8aTQ&amp;\x83\xd0\x951}\x96\xd7\x1c\x1e\x94\xde=\x15\x959\x17\xf6\x1dd9\x14B\xd0\xf7\x06\xe7\xfa4\xa6\x8cFHB\xee\x1cig!\xces1\xbd\xf1\xceE\xc9\n\xa4\xbf\xaf\xcd\x026c\x8c/\x98)\xbdW\xb6\x80\xc3\r+\xfe\xfd\x9c\x8f\xdc\xf4\xda\xa5%\x8a\xc7\xc7I\xcd\x13;,\x9e\x89J\x01\xe0\xacLJ&gt;T\xb6&lt;\xe1\xa5\x95\xca\xca!\xaer^\n\xef\xaePJ\x87\xed\x8a\xc3\xaa\xa8\x12\xeeE\x81,\xe7C\x06\x8f\xaf\x95*\xbc\xc10go]Y\x94@b\xee\x11\xf8\x1c\xb8\x92h\xbdQ\xf8 |\x19c\xcc\x01\xc7\xb1F\xe1Ju\xf9\xe1&lt;.X~\x81@X\xa8\xa47/\xd9p\x96p4n\xb6\xb1\xac\xbb\x96&gt;\x84\x1c\xe0\xe1\xa7\xed\r\xabvM\xdfu8cQH$\x02\xa5\x05\xb3\xd9\x04\xad+\x96\xab%\x17.^\xa4\xae\x1a\xda\xe5\x92\x13\'\xf7\xf8\x93\x0f}\x88\xf9|I]Wt}\xcf;\xde\xf1v\xfe\xe0\xf7\xff\xc8#\x0f\xe3w\xa7\xbd\xfb\x9d\xef\xe2\xd2\xc5\xcb8\x04}k\xf1\xdbzs\x89u$\x8a2\xac\xce\xc66\xce\xbbV~^\xd2\x8e\xb4\xc20\xb7m\xbb\x11\xb2\x95!\\\xae\x84\xcbiY\xc2\xfb\xaaP\x9e\x10n\xda\xa1\x1c\x97\x06\'\xaeC9\xa7\x0e\x97j\xc6|!\xda\x90&lt;\x8b\xb2\xef\x158VG\xba\x14f\xa5\xf3\xa5\x0cI\xb9nb\x90E\xca\xbaXd\x9c\x8ac\xa3ND\xf4(E\xd6\x93\x129\x97N\\\xe6\x8b\xc5\x89\xc9\x01\xfff\xac\xe0\'a\xe8u\xf2\x82\xb9c\'O\x93Zx\xacx3\xd1\xdam\xf2\x00C%\x8f\xe7\x18\xc6\xfc\xe5\x06\x95Ma)\'KJ\x95&lt;A\x16\x8a\xec\xa9\xcb\xf0`(4e\xdc/\x86\xd1\x03%J\xf0 :\xe7E\xc3VJ3,]t\xce\xa1\x95\x1f\x8bT\n%\x15* \x04\x19b\xd1\xb8sKJ\xe5-\xbe\x14\x01\xda\x0bj]Q\x85\xfbPJm\x90\x1cC\xd4\x15\xe3\xdd\x98\xb7\xef\xfb\x9e\xb6mY\xae\x96,\xd6KV\xed\n\tTJ\xf9m\xb2\xbe.\x96\xff\xe6\x9f\xfdS\xa4\x92\x8c\xc6c\x8e\x0e\x0fX,\x96H\xe57G\xec\xee\x9dd\xbd:\xc4\xf4PU5\xab\xd5\x8a\x9bn\xba\x91\xa7\x9fz\xd2\xb3\xbeZ\xa1\xeb\x8a\xbf}\xe4a\xea\xaa\xc1Z\x93\xaa\xb2J\xe1\x8c\xc3\xce21,\x81\xdd\x0c\xd5J9\xeb\xfb&gt;\x93m\xb2\x08\x03e^\xab\x01\xfc\x07"!\x96\xce\x1f\x16/\xaei)\xdb&gt;-5T\x18\x1ci\xe3\x0f\xe0C\x91\x8d\xb2\xed\xcc58b\x11V\xbc\x97X\xfeL\n\x01E\x1aW\xe4v\xe2\xfaE\xb4\xec\\&amp;\x96K\xd4)\x92\xec{\x94hL\xe4\xb32\xdc?\xc61\x14\xa1\x82\x1e\xa6$\xd2\x14\x032\xa5bJ\xa1*\x17\xa1T\x94A\x91\x888\xfe\xbbs\x0c\x16:\x9f\x83\xf4y&gt;wD\x10\x9b\x95N\xe1\x9cR\xa6\x1dZ\xa5G\xce\xc7x\xc1\x1a^\xa7\xc8\x1a8\x10\x8a4\xd1IfdV\xf8\x14\xe7\xe7\xd8 \xcekZ\x90t\xcdhu#\x9cW*\t\x12X\x94\xaa\xd2\x17\xc2\xe6\x02\x90 \x9c\x0b0&gt;\x1b\xd8\xc8N\xab8\xafq&lt;\x90v\x9f\x95^.\xdeg\xbe\xd7(\xc0\xe0z\x1f\xcb\xbb\x00\x89S5\x99\xd2\xfe\x1a\xb1y\x83\x96\xdcr\xfb\xad\xac\xd6kvw$\x0f?\xfa\x08\xb3\x9d\x1d\xba\xae\xe5\xd5\xf3\xe7\xd9\xde\xdd\xe5\xe0`\x81P\x82\xe5zA\xd3h^z\xe9%\xa4\x12\x80D\xab\x8aS\xa7wx\xe6\x1b\xdf\xf0[cM\x8f\x10&gt;\x05w\xf50)B\xf7\xbc\x8b/\x13\x88C\xf9\xf2\xd0\xb3\x03@io\xe4J\xd4e\x9dOwFv\xbb\x94\xe7\x92\xbc\x8a\x1b^$2\xcc7Y\xc1\x10 \x9c\x1f\xaf\x909b\x03\\r\x129G\xef\x8f\xcf\xf2\xba\xa9\'\xc9\\9\x17b\xf92\xed\xbc\x89\xc4\xa2h\x88\xa4\xfc\xfe\xf3\x8djK\xe1\x8b\xa9\x04\xb9\xf8\x0b|c\x89\xae\xeb\x06\xb9\xf7\xd2P\xc4-\xb0:&amp;\xf0\x87\xb1\xefq+\x1c\x07\x15o\xa5$+D\x8c#\x18\x1a\x8cxc\x9b^~\x10c\x17\x16)Z`(\x8bdr\xfe4\xc1\x7f\'@\xa8t\xc3\xf1\x98M\xd2\xc2\x7f\x7f\x13^\xe1\xbd\x00\xaaP\xb08\xfe!\xb2\xf0z\x14H2G\xf8\xd7\xfa\x94\x98T`\r\xca[\x0c\x7f=\xe5\r\x90(`]\xaaB\x8bs\x9a\x9do\xb6\xfaD\xa6\xdf\x05\xab\xec\x155~7)\x82q\x10\xf8\x8ao\xb6\xe3+\xceaB16\xef\xbc\x92P\xd4\x9d\x0b\x8c\xf3\xb5\xf0\xb7\xdfy;{\'N0\x1aOx\xfa\xa9\xaf\xf3\xcc3\xdf\xe0\xa6\x9bn\xa5_\xafx\xfd\x1b^\xcf\xd9\xb3/p\xf9\xf2!M3\xa6m\x97T\x1a.^\xbcD\xdbvT\x95\xa2k[\xba\xce0\xaeG\xacVk\xa4\xaa\xe8\xdb\x88\xba\xca\xda\x06\x89s\xa6\xc8\x12\xe4\xf7\xe3\xfa\xe7\xb9\xcf%\xcb\xc9{\x0b\x11\xd6.\x1a\x86\xd0IF\xe5\x987\xbe\xa2\xc0{\xe6\xbb\x1f~\xe6\xf7\xf2\x86\xed\xaa\xa1\x12\xd2\xb7\xe1!\x12q\x8e!\x84\x8f\xeb\xe6\x1bA\xf8\x90m {\x18\xac\xf16\xdc\xe1\x97\xc9&amp;#\xe3\xe7a\xc8\xa9\xc4F\x14q\xcd2*$\x10\xcc\x91\xd8\xf3\xa1\x87\xc3Y\x83K\xa9;3\x90\x03cz\xaa\xaa\x06\n\xb4\xe3\xb2A\x95\xd9\xca\x0e+\xd8\x86\xf1\xf9\x06v%+iYry\xf5\xe3\xae\xae\xe4a\xca\xfdb\x17d\x9b\x10\x91\xf4\xda\xdc\x814\x1c\xcf0E\xe3\xd2~\xdeM\xce\xa0\x84\xf1\xf1&gt;3\xe3\x1e\xeb\xddeq\xad\x8c@\x9c\xb1`\x87\x04`\x18\x01\xce\xfa\xd2L\x91\xc6\x13\x7f\x1fB\xce\x14\x9aD\x0fS\x84\x0c\xb9X\xc7\x9fS%. 2\xcc\xb1\xe20\xa7\xfb\xca\xf3\xc6\xdcs\x19b\r\xf7a\x07C\x16\xc6\xa0\x83\'O\xf3\xe9\xad\x17;\'w\x11B2jj.\\\xbcHS7\xd4u\xc5\xe1\xc1\x01\xef\xfd\xa1\xf7\xf2\xa9O}\x1ak\xbd\xd7\xd0\xaa\xe1\xc1\x07\xdf\xca\x8bg_B\n\x85\xc3\xa2$\xdcy\xc7]\x9c}\xfe\x05\xac\xb5\xd4\xba\x0e\x15y\xa5A\xf7\xc2nL,&amp;2\xc1@1\xb8\'\xc8M7 g:RX&amp;B\xdd\x7fQ\x98R\xe6\x9f\xe3y\xe2\xfa{\x86Z\xe5\xcf\xd2\x1e\xfc0\x05\xb6\x08\xe7\x92\xe2\x0f\xd3\xc8\x9b\xe7\xcd\x1bf\n\xbe!\xa0Pk]*\xf6\x89}\x12rq\xd7\x90\x9b*\xcf\xbf\x89\xac#\x99\x19\x0b\x9bb\xa1L&lt;_\xac\xd6+\x8d\xa2#\xcf_\x0c\xf3by\xad\xf6\xf7\x90!\xa0\x17\xb0\\|1\xf4\xf2\x04V4\xc7R\x19\xd28py\xe0y\x822iv\xdc\xe3\x16%\xb2\x85W\xbd\x9a\xc1(\xb1R\xfc\xbc\xac\x11\xf6\x97\xc8\xd0pX\x8d\x17\xd71\xbf\xe7\x05\xa4PD\x99\xf3\xaa\xd1x\x10\xa0\x92\x8a\xf1\x9c\x08P.\\$.f\xdaUg\x8c\x9f\x19%0\xc1\x9b\xa8\x08\xc7\xe2N(U\x18T\xe7\xe3-km v}\nFH\xed\xfb\xbc9\xff\x8e\xd0\xa1l\xd7v\xf4\xd6pj\xd6\xb03S\\{z\x8b1-[\xb3)\xe3*\x18\x08\'Xv\x86\xfd\xc3\x16\xdb+\x9e\x7f\xf5\x90\x83\xb6\xe3h-Y\x1b\x8bDz\xc8\x1dJ\xcb\xac\xe9\xf8\xd1\x1f{\x1f\xe3\xf1\x98K\x97.qe\xff\x80\xdd\xdd\x13\xb8\xbe\xc7\x1a\xc3\xe1\xe1!/\xbf\xf2\xb2W\x18,\x06\xc3/\xfe\xe2/\xf2\x8f\xfe\xd1?f&gt;_ \xa5@\xd5\x9a\x1f\xfd\xd1\xf7\xf1+\xff\xf438gX\x1e\xad\n!N7\x9b\x94%\xbe\xf2&amp;\x97|\\\x86\xa0\xaa\x90\x9b\xb0u3,qDLQ\xd0\xbd2\x8bb]\x032\xf0Lf\x9a\xeb\x14\xb7\x06\x95\x10\x01\x86\xc7tUV\x1c(\xd1l\xecS\x87#\x1bj"\x8a(7\xac\x18*]\'\x99\x93*\xb6\x8e\x1a"\xe526\x8f\xaf\x98\x0e\x8c\x08x@\x8c;\x90"\x17\x9d\xc5W\xcc\xdd\'\xbe\xc8X\xa4\xf6\xbc\x8a\xf7\xf2y\x13\x95\xce\x17\n\x15L\x06\xa4\xca7\x99*\x89 5B\x10\xe4F}P\xc4@\x1b\x86aHn\r\x17\xb4\x8c\x9f"|\xd9\xb4\xd0\xf1Un\xce\x8f^&lt;B-\xa5\xc0X\xafH)\x9e\x95E#FQ\x14GH\x06\x93U\x8e/\x12H)\x97J\xf6&amp;\xc9\\\x0b\x90!\x85\x98cs\x97\x16.\xc6\xd8\x18K%\xd5\xc0\xf0%\xc1\xb3\x9b\xe1\x90W8g\xc1\n\x0b\xcaW\xca\x19\'hj\xc7\xe9\xdd1\'\xb6j\xee}\xed)^{\xa6\xe657\x9d\xe0\xe6;o\xe6\xf9\xaf?\xcb-\xf7\xdc\xc7W?\xfd)L\xdf\x83\xb3\x98v\xcd\x8b/\\`\xeb\x9a1\xcb\xa3\x15\xcb\xae\xe1\xed\x0f\xbe\x96\x97\x9fx\x96W\x0e+je9\\;._Ypv\tW\x96\xa0\xa7cN]s\x9a\xbe7\xac\xd6+\xce\x9e}\x89\x9d\x9dm\x0e._\xc6ay\xe8\xaf&gt;\xc9z\xb5\x0e\x8a\xa2\xd8\xdd\x9aqpp\x85\xd5j\t\xd6PU\rRJ&gt;\xf3\xd7\x7fMg,M\xd3\xb0Z\xf7I\xf1J\xee!\xd7\xb8G\xe8:\x84\xeae\xfa\xf5\x9bq/)\xc3Qx\xf1\x92SIBo=?\x91\xaa\x1a\xa5\xdf\xf5\x97\x80k\x84_\xb8\x80\xea\xc2\x9bq}\x8arL\x9fU\x90 l\x80la\xdd\xad\xaf\x1e\xf1i9\xb2\xac8p\xc4\x82\x96\xcdZ\xfe\xe3\xdc\x11\xe4\xe6 \xb9@(\xeb\x82\xb5\xd6#\x0f\x99Q\xa072\xf8&amp;\x1a6\xdf{9\x1fR\xfa\xb8\xde9\xe7;\xcc\xc4\xc9\xb4\xc6\x9f\xd0\x99\xe8\x893\xc1\x14\x15]\xc4\x13\nO4\xf9c\xca\xfcd\x1c`6\x04\xa5b\xfbE8\x0e\xb5\xe3w&lt;\xf3\xe9\xad\x92_L\xd2X\x06\xf1\x7f D\xa2\'4\xc5&amp;\x1c__\x1fQG\xc4\x1f2y\xf6.6\xc4,\x85"\xce\x83\xcc\xd6\xda\x97-\xfa\xb6Riq\xc5\x06\x81F&amp;c\xa2%\xcf\x96\x99\x828\x19.\xc4q\xe4\x13\x08%g\xa9\x85\xe1g\xfe\xde\xdd&lt;\xf8\xc0\xed\xdcx\xdbkx\xee\xe1\xc7\xd8\xbd\xf5n\xfe\xf6\xa3\xbf\xc3\xb3\x17\x9f\xe5\xfc\xb9\x8e\xc3\x97\x9e\xe4\xa9\xaf?\xcf\xf9W\xe6\xbcp\xbeg\xd9\xce\x11\xcd\x94\xc3\x05l\x8f\x8f\x98T\x1a\xa3\xa7\xf0\xe83L\xa4\xe0py\x88\xb00\x9f\xaf\xc1)n\xdd\x9d\xf1\x1c\x0b~\xe8\xfd\xefcg\xef\x04\xa7N\x9f\xe2\xeb_\xff*O?\xfd\x04w\xdf\xfdF\xdaU\xcb\r7\xdd\xcc\x8b/\xbd\xc8b\xb1@iM3\xaa\xb9\xf3\xee;\xf8\xed\xdf\xfe\xbf\xe8;\xe3[:)\xc1\xdb\xde\xf66\xfe\xfc\xcf?\x12\xd65\x0bv*\x12\xc1&amp;\xe1\xcc\xf7M\x11\x7f\xc6\xf2U\x91PZ\x82\xeaEl\x9d\x8f\x1bfh\x86e\xad\x05O\x14\x8c~\xf4jQr\\\x92I/\x97\xbe\xf7]\xef\xaf\x9d`uP|\x0fT\x93\\\xc7\xf8\xbc\xeb\xba\x8c4\xa4L\xd9\x9dt\xdf\x81\x87\xf06cXi\x17\x159\x97\xd0\x9a\x84L\xd2\x18\x8b\rH\x10\xc7\xe006\x96\t[\xcf\x01\xb8\xdcg\xf0\xea&lt;UR\xf4\xc2z(\x89\xd0&gt;\xfeL\xad\x8d\x89p\'\xe2\x18\x82\x92o(\xde\x86\xf5M\x1eZ\x08o\r\xc9\xf1\xcc&amp;\xc9\x12\x17\xc2\xda\x18\n\x04\xa2E\xc6\xd4S\xde\xd3\x1b\xcf\x1dw\x1a\tb\xdc]zh9\x10&amp;\xa4\n\x1dB\xfd\xf5\xaa\x10\xff\x1a\x93\x1b\x19\xc4\x85\x8f\xe8A\xa9&lt;I&amp;\xf4x\x11HO\xbe\x05\xa3\x1e[\n{%v\x03\x81;\xde\xf2\xf7x\x0cI\x08y\x84t(\x1c\xdf\xfe\xa63\xbc\xfb]o\xe6\xae\xeb+\xce~\xed\x15\x1e\xff\xcc\x13\xfc\xa7?\xf84\x8b\xbe\xe5\xca\xea\xf3\xcc\xd7=Zh\xda/=\x82\xea\x8f8\xb17\xc6vKf\xb3)\xdb\x931\xabU\xcf\xf6\xd8#\xaeKG\x8e\x83\xee\n+#9\\\xf6\xde\x18\x0b\x85\x96\x1a\x8b\xc4\x1et\x8c\xb6v\xd9\xba\xe6:\xba\xb6e1\x9f\xf3\xc2\x0bg\xb9\xe6\xdakq\xa6c\xb1\\\xf0\xf7\x7f\xec\x97\xf9W\xff\xea_c\x8ca6\xdb\xa2\xedV\xecl\xef\xf0\xa5/}\x11\x87g|}\x88\x12\x8bV,RT\x08\xd1\x93\xab\xbc\x04~Z\xf2\x9c\xf85\x8a\xe5\xa1\x9ea\xd6Zc\\f\xa9K/\x9f\xeb\xddE!sY\x06=Tec\xbe32,\r\xb1o\xaf\x15\x8c\xb3\xf5\xf2iM\xa8Q\x08q\xbap\x99O\x89\xce\xa3\xef\xdb\x8dP\xd4\xff\x1b\xd3\xc4\xa9\xc5v\x08\xff\x10%\xea\xc8MD\x9d\xcb^\xda\xcbBF\xc2q\xb3\x8c\xffN\x94]\x11* }\xb1\x93\xb4\x02\xa9D\xd6H\x17Sk\xd9\x90\x94\x88\'\xb6\x9d\xd2e\xf1G\x14B\x19\xf3q"\xef\'/7cPL@\x19\xdbdE\xcf\xe96\x17\xe2\x9ax\xeerR|S\xbc\xe8\x01\xca\xcd\x0f\x84\xf8\x02\x84\x88\x16&lt;\x96\xaa\x0ew\x9b9Kh\xce\xe8Y\xf8L\xf2\x94\x06\'W,\t!\x12\x8b\xae\x95\xa4\xb7y\\\t\x82\xc7\x9dF\xfeNR\\&amp;e\xac,\x13\xe8\x823\x88\xf7ich\xe1\x1c\xce\xe4}\xeb\xf1\xbb\xc3P\xc1\xa2\xa4CI\xc7m\xd7M\xf8\xd7\xbf\xf6\x1e\xae?u\x13\x8f\x7f\xfe+&lt;\xfe\x97\x0f\xf1\xe8s\x92G_Ybm\xcd\x89\xad\x9a\xbb\xaei\xb8\xe6\x84\xe2\xcc)\x83V\r\x95&gt;\xc1\xba]\xd0\xd4\xd7\xd0\x8c\x14\x07\xfb\x0b^9\xe7\xb7l.\xe7\x1dM\xd3s~\xee\xb8\xf6\xf4u&lt;\xfb\xec9F\xa3\x9e+\x07\x8e+m\xcf\xa2W\\\xee$k\xa5y\xcd\xedw\xb0\xbd\xbd\xcdc\x8f=\xc6\xd9\xb3g\x19\xd7c\xdan\xc5\xee\xde.UUqp\xe5\xc0\xb7\x9f\n\x99\x8a;\xee\xbc\x93/~\xf1\x8b\xf4\xc6\x80\xb5Tu\xcd\xf9\xf3\x17X\xaf}\n\xcc\xd9P\x8cR\x18\xdc2\xdf\\\x1a\xba\xe8\x9d3\xa2\xc9\xb25\x94\xc9au`T\x82\xd2\x83\n\x91\x8f\xdb\xf4j\xd1[\xfam\xbd"\xf7\xe8\x0fH#\xf6t\xf3a[\x08S\x9d+\xf6,\x94\x884\xc7\xca\xf1\xda\xb1\x9d\xb7R*3\xa3)\x97\x00\x00 \x00IDAT\xd5\x99\xcb\x98\xfd\x901\x87^n\xbf\xce\xf7\x98\x8d\xe1\x10\xf1\xc4\x90\x02H\x9du\xa2\xfcy\xc6F\xf8\xd0A\xe4z\x85\xb8\x8b1ez\xc8\x95q\xda\xb9X,3d\x17\xa3\x98\xfb\x05\x80\xd8\x801*OI\xb2\xc55\xb9\x9a\xc5\xdd$\x1d\xc24\xa6\x85K7\x13\x14.[}\n\x04`\x13B\xd8da\xb3\x91\x89\xb1x\xd9M\xa4\x10\x88"\xe6\x89\xbd\xc0A\xa2\x857D\xbd\xcb\xb5\xd4\x8e`\xf9\x9d\xc5\x89\x88n\xfc\xd0=\xc1\x13Z(\xc7\tw6Ay%\x15\xa4L@\xf6\xf0y\x1e\xfd\x1c(\xad\xb9\xf5\xba1\xff\xf5?\xf9^^w\xdb\xed&lt;\xf5\xf9O\xf2\xe8_|\x9e\xbfz\xfc2G+\xc1\xad\xd7*~\xf8\xdb\xaf\xa7\x96\x1d\xd2\x19&amp;S\xc9t2FI\xc5\xb2\xed\xd9\xde\xabX-\x1c\xcbVamC\xdb\xce\xd9\x9a5\xacZ\xc9xlX-\x0e\xd9\xdb\xd9\xa2_^\xe4\xb635\x97/\x1e\xa2\xf6v8e\x1d\x87K\xc1\x1d\xb3S&lt;\xdf5\xd4\xe3\x11}\xdb2\x9bM\x99\xcf\xe7\xdct\xe3\x8d\xbc\xf8\xc2\x0b\xbc\xf1\xbe\xfb\xf8\x0f\xff\xe1?\xb2^\xad|\x1f\xb8\xde2\x1e+n\xbc\xe1F\x0e\x0f\xbd\xf2W\x95\xcf\x95\xdfq\xc7\x1d|\xf6o&gt;\x8f\x13\x8a\xae3\xbe\xce\xc1\xb9$x\x19\xdd\xb8 x}\x9a\x17\xa5d\xf0p\xc6\xcf\xdd ~\xdd(\xe1\r\x11\x94g\xb5\xcb*\xc7\x9c\xeb.\x8diJ\x87\x96\x9dU\x9d\xdf(dl@k\xd6@\xac\xd6\r\xe7\xd3Z!\x9c\x0c\x8dBdP\x1e=p0W\xe3\x9e\x92\xc3\x08\xa7\x93\xc2\x97+;\x91\rZ\x9c\x87\xcc\xc2gy\xf7c\xcc\xba4\x08C\x88\x9b\xbe\x1c\x06\x91x\x8eM}+\x0bvJ\x83\xa9cC\x86,\x8c\x19\xb2f\xf8\x94=\xf4\xd5\x06T^(\x7f\x8f\xf4wV\xba\x081\x86\x84]T\xc0r"\xcb\xd7\x00\x1a\xb9\xd80"o\\)\'\xc5\xf7\xdc\xca\x08!\x9e\xcao\xfc\x0f\x02\xe8\\\xd8\xf6\x97I\x8cJx\xcb\xe9\xc2\x98\x9d \x85\x1cq|\xb1sjr\x1f\t\xdd\xe4\tq\x81\xd4+\xe7\xc2Z\x8b\x13\x02-\x14N\x18fc\xc1\xf7\x7f\xef=\xfc\xfc\xdf\xffI^\xfc\xe2\xdf\xf0\x89\xdf\xfd?\xf9\xf2K5\xcf\x9c\xef\xb8\xf7\x86m\xdexW\x83\xc6\xc7vJT\xd4\xb5\xc09C\xd3\xd4 \x05\xcd\xd4\xdf\xe3tv\x12\xb9V(\xe5\x98\xed\xec\xe2l\xcb\xd1\x81e\xbep\x9c&lt;9\xc1\xe1\xd8\xbf\xb8\xa2\xa9\xc7\xac\xb7\x1ajm\xe9M\xcd\xc1\xa2g5?\xe4G&gt;\xf0sL\'S\xa4T\xbc\xfa\xeay\x84\x90t\xbd\xc1\x1a\xcbl6\xe5\x91G\x1ef\xb9\\\xfa\xfat\xdb\xf3\xa6\x07\x1e\xe4\xd3\x9f\xfek\xd6\xab\x9e\xd0\x03\x86\xad\xad-\x9ez\xf2\xe9\xd03\xaeb\xb9\\\xa1\xcbtVa\xb4\xe3\xdae\xe5\xc8\xce@J\xed\xc1\xf3\x86\x17\xcd2\xe0\xff\x95\x05\x9b\x96=\xa4o\xca\xe9\xff\xf4\xca\x13\x0bd\xac5!\xcc\x92\x18\xbb\x81"\xa2AP9\xad\x9ad5\xa9kL\xd3F&amp;\xfcx\xb8\x1a\x1dT\xaa_\x901\x8d\x9aF\x9a\x1c\x81\xe7\x0c\xe2N\xb5\xb2ve\xb8C\xd49\xbf\x9f\xa1\xbcN\xbc\xbb\xf9|A\xd3\xd4\x1bJ\xcd`\x9e#\xcai\xbb\x0e\x1c\xe8&lt;9\xe5C\x07\x86\xd5E\xe5I\xa0L\x99d\xa6&lt;\x1a\x87rSEL\x81d\xc8\x1e\x15k\x08\xfd\xa3\xf5\x8e\x10\xab,\xf8\x88c\x88\x1b\x14\xd2\r\x07r,\xee\xbe\x13\xc2W\xb1I!A\t:\x1b\x1f\x1a0$\x16c\x8b(U\xd4\xd5\xe7{\x8c4\x1bY\x99\tLm\xcc\xd2\x04#\x13\xb7 \x96s\xa5\xc3W\x8c\xed\x12\x91X\xd6\x02hm\x18U=\xff\xfb\xbf\xfb/\x91\xad\xe1\x99/\xfd-\x7f\xf5\xf1\x87y\xec|\xc3w\xdes\x8a\xd7\xdfv\xc0u\xd7\xed0\x9dNh\xdb\x96s\xaf^\xe4\xf4\xa9mv\xb6\xb7i\xdb+t\x9d`\xb6m\xa8\xd4\x84\x8b\x97\xe6,\x8e:F\x93\x11\x8b\xa5\xcfKoo\xef\xb0\xbdmy\xf9\xd5%\x0eA{t\x9e\xad\xed\x11RX\xb6\xfb\nc\x05Z\x8d\xb9\xe9\x9a\x9e^O8s\xe3mTZ\xb3Z\xaex\xe2\x89\'\x98LF,\x16\x87\xb4m\x8b\xd6\x15}oX\xb7k\x9a\xa6a\xdd\xadx\xc7\xdb\xbf\x97\x7f\xf9\xaf\xfee(G\x05\xadj\xfe\xe1/\xff2\xbf\xfe\xeb\xff3U-\xc0Y$\x16kHkV\x86t\x9b\x1e\xaat.~\x1ds\x96#N\x7f\x99?\x8e\xe8m\x93\xb3\x89B\x1d\t\xa9h\\c~\xdcC\xea\xa1,\x96!\xd5fH\xea\xcf\x15\xe5\xacD\xb99\xd4\x8c\xfb\x17&lt;\xe2\x8c9\xff\xc0\xba\'\xa5\x149\x15\x98\xf4!\xb6iV\t\x99F\xb9/\xe7F"s\xafD7\x9c\xc7\xd1h\xc4|&gt;g:\x9d$\xf9Z\xad|J\xb3\xaa\xaa&lt;\xd7&gt;\xd1\xe0\xf3\xe8\xa5Be\xab\x96\x99\xc72\xfe)o|\xa8\xb0C"nXs\x9c\xa3\xdd!\x84\x1f\xb6\xd4\x89\x13\xbcY\x03\x9f\xbf\x93S\x0f~R\xfd#\x8dJ\xa1I\xde\x16\x10\x05J\xc9\xec\xa3\'\x8cD,s,\xc6\x1c\'\x14DzV\x99_{\x17\x10\x88\xa3\x0f\xb1W\xf2\x18\x05\xf21\xc6\xa0\xa4\xa07\x9dO\xf7\x85\x98\xcd\xaf\xbdC\n\xc3\x0f\xbc\xebM|\xe0}\xdf\xce\xe1\xab/p\xf6k\x8f\xf0\xd1/\xb7\xdcp\xcd\x8c\x9f}\xc7\x1e\xb3\x91\xe2\xf9\x97*\x944\xd8~\x81i-7\xdd|\x8a\xadi\xc5|\xb9\xe2\xd3\x8f\xae\xf8\xce7'... (set the log level to DEBUG or TRACE to see the full content) 
 </msg>
<msg timestamp="20210907 23:26:21.803" level="INFO">POST Response : url=https://rocklov-thiago-api.herokuapp.com/equipos 
 status=200, reason=OK 
 headers={'Server': 'Cowboy', 'Connection': 'keep-alive', 'X-Powered-By': 'Express', 'Access-Control-Allow-Origin': '*', 'Content-Type': 'application/json; charset=utf-8', 'Content-Length': '284', 'Etag': 'W/"11c-UQCaJNeFgi5DOtS6wlD9ObNoMzQ"', 'Date': 'Wed, 08 Sep 2021 02:26:21 GMT', 'Via': '1.1 vegur'} 
 body={"_id":"61381f4dd4f66f00150ceee8","user":"610ddba8ea89bf0015ff29ab","thumbnail":"thumbnail-1631067981201","name":"Violino","category":"Cordas","price":250,"__v":0,"thumbnail_url":"https://rocklov-thiago-api.herokuapp.com/files/thumbnail-1631067981201","id":"61381f4dd4f66f00150ceee8"} 
 </msg>
<msg timestamp="20210907 23:26:21.804" level="INFO">${response} = &lt;Response [200]&gt;</msg>
<status status="PASS" starttime="20210907 23:26:20.641" endtime="20210907 23:26:21.804"/>
</kw>
<msg timestamp="20210907 23:26:21.806" level="INFO">${result} = &lt;Response [200]&gt;</msg>
<status status="PASS" starttime="20210907 23:26:20.595" endtime="20210907 23:26:21.806"/>
</kw>
<kw name="Set Variable" library="BuiltIn">
<var>${equipo_id}</var>
<arg>${result.json()}[_id]</arg>
<doc>Returns the given values which can then be assigned to a variables.</doc>
<msg timestamp="20210907 23:26:21.811" level="INFO">${equipo_id} = 61381f4dd4f66f00150ceee8</msg>
<status status="PASS" starttime="20210907 23:26:21.807" endtime="20210907 23:26:21.811"/>
</kw>
<kw name="Delete Equipo" library="Equipos">
<var>${response}</var>
<arg>${token}</arg>
<arg>${equipo_id}</arg>
<kw name="Create Dictionary" library="BuiltIn">
<var>&amp;{headers}</var>
<arg>user_token=${token}</arg>
<doc>Creates and returns a dictionary based on the given ``items``.</doc>
<msg timestamp="20210907 23:26:21.819" level="INFO">&amp;{headers} = { user_token=610ddba8ea89bf0015ff29ab }</msg>
<status status="PASS" starttime="20210907 23:26:21.816" endtime="20210907 23:26:21.820"/>
</kw>
<kw name="DELETE" library="RequestsLibrary">
<var>${response}</var>
<arg>${base_url}/equipos/${equipo_id}</arg>
<arg>headers=${headers}</arg>
<arg>expected_status=any</arg>
<doc>Sends a DELETE request.</doc>
<msg timestamp="20210907 23:26:22.536" level="INFO">DELETE Request : url=https://rocklov-thiago-api.herokuapp.com/equipos/61381f4dd4f66f00150ceee8 
 path_url=/equipos/61381f4dd4f66f00150ceee8 
 headers={'User-Agent': 'python-requests/2.25.1', 'Accept-Encoding': 'gzip, deflate', 'Accept': '*/*', 'Connection': 'keep-alive', 'user_token': '610ddba8ea89bf0015ff29ab', 'Content-Length': '0'} 
 body=None 
 </msg>
<msg timestamp="20210907 23:26:22.536" level="INFO">DELETE Response : url=https://rocklov-thiago-api.herokuapp.com/equipos/61381f4dd4f66f00150ceee8 
 status=204, reason=No Content 
 headers={'Server': 'Cowboy', 'Content-Length': '0', 'Connection': 'keep-alive', 'X-Powered-By': 'Express', 'Access-Control-Allow-Origin': '*', 'Etag': 'W/"2-vyGp6PvFo4RvsFtPoIWeCReyIC8"', 'Date': 'Wed, 08 Sep 2021 02:26:22 GMT', 'Via': '1.1 vegur'} 
 body=None 
 </msg>
<msg timestamp="20210907 23:26:22.537" level="INFO">${response} = &lt;Response [204]&gt;</msg>
<status status="PASS" starttime="20210907 23:26:21.821" endtime="20210907 23:26:22.537"/>
</kw>
<msg timestamp="20210907 23:26:22.538" level="INFO">${response} = &lt;Response [204]&gt;</msg>
<status status="PASS" starttime="20210907 23:26:21.812" endtime="20210907 23:26:22.538"/>
</kw>
<kw name="GET Unique Equipo" library="Equipos">
<var>${response2}</var>
<arg>${token}</arg>
<arg>${equipo_id}</arg>
<kw name="Create Dictionary" library="BuiltIn">
<var>&amp;{headers}</var>
<arg>user_token=${token}</arg>
<doc>Creates and returns a dictionary based on the given ``items``.</doc>
<msg timestamp="20210907 23:26:22.541" level="INFO">&amp;{headers} = { user_token=610ddba8ea89bf0015ff29ab }</msg>
<status status="PASS" starttime="20210907 23:26:22.540" endtime="20210907 23:26:22.541"/>
</kw>
<kw name="GET" library="RequestsLibrary">
<var>${response}</var>
<arg>${base_url}/equipos/${equipo_id}</arg>
<arg>headers=${headers}</arg>
<arg>expected_status=any</arg>
<doc>Sends a GET request.</doc>
<msg timestamp="20210907 23:26:23.265" level="INFO">GET Request : url=https://rocklov-thiago-api.herokuapp.com/equipos/61381f4dd4f66f00150ceee8 
 path_url=/equipos/61381f4dd4f66f00150ceee8 
 headers={'User-Agent': 'python-requests/2.25.1', 'Accept-Encoding': 'gzip, deflate', 'Accept': '*/*', 'Connection': 'keep-alive', 'user_token': '610ddba8ea89bf0015ff29ab'} 
 body=None 
 </msg>
<msg timestamp="20210907 23:26:23.265" level="INFO">GET Response : url=https://rocklov-thiago-api.herokuapp.com/equipos/61381f4dd4f66f00150ceee8 
 status=404, reason=Not Found 
 headers={'Server': 'Cowboy', 'Connection': 'keep-alive', 'X-Powered-By': 'Express', 'Access-Control-Allow-Origin': '*', 'Content-Type': 'application/json; charset=utf-8', 'Content-Length': '2', 'Etag': 'W/"2-vyGp6PvFo4RvsFtPoIWeCReyIC8"', 'Date': 'Wed, 08 Sep 2021 02:26:23 GMT', 'Via': '1.1 vegur'} 
 body={} 
 </msg>
<msg timestamp="20210907 23:26:23.265" level="INFO">${response} = &lt;Response [404]&gt;</msg>
<status status="PASS" starttime="20210907 23:26:22.541" endtime="20210907 23:26:23.265"/>
</kw>
<msg timestamp="20210907 23:26:23.265" level="INFO">${response2} = &lt;Response [404]&gt;</msg>
<status status="PASS" starttime="20210907 23:26:22.538" endtime="20210907 23:26:23.265"/>
</kw>
<kw name="Status Should Be" library="RequestsLibrary">
<arg>204</arg>
<arg>${response}</arg>
<doc>Fails if response status code is different than the expected.</doc>
<status status="PASS" starttime="20210907 23:26:23.265" endtime="20210907 23:26:23.266"/>
</kw>
<kw name="Status Should Be" library="RequestsLibrary">
<arg>404</arg>
<arg>${response2}</arg>
<doc>Fails if response status code is different than the expected.</doc>
<status status="PASS" starttime="20210907 23:26:23.266" endtime="20210907 23:26:23.266"/>
</kw>
<status status="PASS" starttime="20210907 23:26:19.028" endtime="20210907 23:26:23.266"/>
</test>
<test id="s1-t2" name="Equipo Not Found">
<kw name="Get Mongo Id" library="mongo">
<var>${equipo_id}</var>
<msg timestamp="20210907 23:26:23.267" level="INFO">${equipo_id} = 61381f4fa66151eb5bd75423</msg>
<status status="PASS" starttime="20210907 23:26:23.267" endtime="20210907 23:26:23.267"/>
</kw>
<kw name="Get Token" library="Helpers">
<var>${token}</var>
<arg>thiagofelipe@gmail.com</arg>
<arg>pwd123</arg>
<kw name="Create Dictionary" library="BuiltIn">
<var>&amp;{payload}</var>
<arg>email=${email}</arg>
<arg>password=${password}</arg>
<doc>Creates and returns a dictionary based on the given ``items``.</doc>
<msg timestamp="20210907 23:26:23.268" level="INFO">&amp;{payload} = { email=thiagofelipe@gmail.com | password=pwd123 }</msg>
<status status="PASS" starttime="20210907 23:26:23.268" endtime="20210907 23:26:23.268"/>
</kw>
<kw name="POST Login" library="Sessions">
<var>${response}</var>
<arg>${payload}</arg>
<kw name="POST" library="RequestsLibrary">
<var>${response}</var>
<arg>${BASE_URL}/sessions</arg>
<arg>json=${payload}</arg>
<arg>expected_status=any</arg>
<doc>Sends a POST request.</doc>
<msg timestamp="20210907 23:26:23.856" level="INFO">POST Request : url=https://rocklov-thiago-api.herokuapp.com/sessions 
 path_url=/sessions 
 headers={'User-Agent': 'python-requests/2.25.1', 'Accept-Encoding': 'gzip, deflate', 'Accept': '*/*', 'Connection': 'keep-alive', 'Content-Length': '57', 'Content-Type': 'application/json'} 
 body=b'{"email": "thiagofelipe@gmail.com", "password": "pwd123"}' 
 </msg>
<msg timestamp="20210907 23:26:23.856" level="INFO">POST Response : url=https://rocklov-thiago-api.herokuapp.com/sessions 
 status=200, reason=OK 
 headers={'Server': 'Cowboy', 'Connection': 'keep-alive', 'X-Powered-By': 'Express', 'Access-Control-Allow-Origin': '*', 'Content-Type': 'application/json; charset=utf-8', 'Content-Length': '41', 'Etag': 'W/"29-iugLqco6jt953isu+nVq0xA6W5s"', 'Date': 'Wed, 08 Sep 2021 02:26:23 GMT', 'Via': '1.1 vegur'} 
 body={"user_token":"610ddba8ea89bf0015ff29ab"} 
 </msg>
<msg timestamp="20210907 23:26:23.857" level="INFO">${response} = &lt;Response [200]&gt;</msg>
<status status="PASS" starttime="20210907 23:26:23.268" endtime="20210907 23:26:23.857"/>
</kw>
<msg timestamp="20210907 23:26:23.857" level="INFO">${response} = &lt;Response [200]&gt;</msg>
<status status="PASS" starttime="20210907 23:26:23.268" endtime="20210907 23:26:23.857"/>
</kw>
<kw name="Set Variable" library="BuiltIn">
<var>${user_token}</var>
<arg>${response.json()}[user_token]</arg>
<doc>Returns the given values which can then be assigned to a variables.</doc>
<msg timestamp="20210907 23:26:23.858" level="INFO">${user_token} = 610ddba8ea89bf0015ff29ab</msg>
<status status="PASS" starttime="20210907 23:26:23.857" endtime="20210907 23:26:23.858"/>
</kw>
<msg timestamp="20210907 23:26:23.859" level="INFO">${token} = 610ddba8ea89bf0015ff29ab</msg>
<status status="PASS" starttime="20210907 23:26:23.267" endtime="20210907 23:26:23.859"/>
</kw>
<kw name="Delete Equipo" library="Equipos">
<var>${response}</var>
<arg>${token}</arg>
<arg>${equipo_id}</arg>
<kw name="Create Dictionary" library="BuiltIn">
<var>&amp;{headers}</var>
<arg>user_token=${token}</arg>
<doc>Creates and returns a dictionary based on the given ``items``.</doc>
<msg timestamp="20210907 23:26:23.861" level="INFO">&amp;{headers} = { user_token=610ddba8ea89bf0015ff29ab }</msg>
<status status="PASS" starttime="20210907 23:26:23.860" endtime="20210907 23:26:23.861"/>
</kw>
<kw name="DELETE" library="RequestsLibrary">
<var>${response}</var>
<arg>${base_url}/equipos/${equipo_id}</arg>
<arg>headers=${headers}</arg>
<arg>expected_status=any</arg>
<doc>Sends a DELETE request.</doc>
<msg timestamp="20210907 23:26:24.591" level="INFO">DELETE Request : url=https://rocklov-thiago-api.herokuapp.com/equipos/61381f4fa66151eb5bd75423 
 path_url=/equipos/61381f4fa66151eb5bd75423 
 headers={'User-Agent': 'python-requests/2.25.1', 'Accept-Encoding': 'gzip, deflate', 'Accept': '*/*', 'Connection': 'keep-alive', 'user_token': '610ddba8ea89bf0015ff29ab', 'Content-Length': '0'} 
 body=None 
 </msg>
<msg timestamp="20210907 23:26:24.592" level="INFO">DELETE Response : url=https://rocklov-thiago-api.herokuapp.com/equipos/61381f4fa66151eb5bd75423 
 status=204, reason=No Content 
 headers={'Server': 'Cowboy', 'Content-Length': '0', 'Connection': 'keep-alive', 'X-Powered-By': 'Express', 'Access-Control-Allow-Origin': '*', 'Etag': 'W/"2-vyGp6PvFo4RvsFtPoIWeCReyIC8"', 'Date': 'Wed, 08 Sep 2021 02:26:24 GMT', 'Via': '1.1 vegur'} 
 body=None 
 </msg>
<msg timestamp="20210907 23:26:24.592" level="INFO">${response} = &lt;Response [204]&gt;</msg>
<status status="PASS" starttime="20210907 23:26:23.861" endtime="20210907 23:26:24.592"/>
</kw>
<msg timestamp="20210907 23:26:24.593" level="INFO">${response} = &lt;Response [204]&gt;</msg>
<status status="PASS" starttime="20210907 23:26:23.859" endtime="20210907 23:26:24.593"/>
</kw>
<kw name="Status Should Be" library="RequestsLibrary">
<arg>204</arg>
<arg>${response}</arg>
<doc>Fails if response status code is different than the expected.</doc>
<status status="PASS" starttime="20210907 23:26:24.594" endtime="20210907 23:26:24.595"/>
</kw>
<status status="PASS" starttime="20210907 23:26:23.266" endtime="20210907 23:26:24.595"/>
</test>
<doc>Get Equipo Tests</doc>
<status status="PASS" starttime="20210907 23:26:18.597" endtime="20210907 23:26:24.597"/>
</suite>
<statistics>
<total>
<stat pass="2" fail="0" skip="0">All Tests</stat>
</total>
<tag>
</tag>
<suite>
<stat pass="2" fail="0" skip="0" id="s1" name="DeleteEquiposTests">DeleteEquiposTests</stat>
</suite>
</statistics>
<errors>
</errors>
</robot>
